<?xml version="1.0" encoding="UTF-8"?>
<testsuite name="com.dumytest.MaxNumberTest" tests="1" skipped="0" failures="0" errors="0" timestamp="2020-05-07T18:49:34" hostname="DESKTOP-LSKIBA4" time="0.003">
  <properties/>
  <testcase name="testinteger" classname="com.dumytest.MaxNumberTest" time="0.003"/>
  <system-out><![CDATA[]]></system-out>
  <system-err><![CDATA[]]></system-err>
</testsuite>
